{"C:\\Users\\Logan Mahan\\AppData\\Local\\Android\\Sdk\\AMA-club-organization-app\\src\\config.js": {"path":"C:\\Users\\Logan Mahan\\AppData\\Local\\Android\\Sdk\\AMA-club-organization-app\\src\\config.js","statementMap":{"0":{"start":{"line":2,"column":13},"end":{"line":9,"column":1}},"1":{"start":{"line":10,"column":10},"end":{"line":10,"column":40}},"2":{"start":{"line":11,"column":18},"end":{"line":11,"column":32}}},"fnMap":{},"branchMap":{},"s":{"0":5,"1":5,"2":5},"f":{},"b":{},"_coverageSchema":"43e27e138ebf9cfc5966b082cf9a028302ed4184","hash":"c8e0194b1233ff5c4082517bed426ddf0d6b9db2"}
,"C:\\Users\\Logan Mahan\\AppData\\Local\\Android\\Sdk\\AMA-club-organization-app\\src\\backgrounds\\BG2.png": {"path":"C:\\Users\\Logan Mahan\\AppData\\Local\\Android\\Sdk\\AMA-club-organization-app\\src\\backgrounds\\BG2.png","statementMap":{"0":{"start":{"line":1,"column":0},"end":{"line":4,"column":6}}},"fnMap":{},"branchMap":{},"s":{"0":3},"f":{},"b":{},"_coverageSchema":"43e27e138ebf9cfc5966b082cf9a028302ed4184","hash":"9f5a79e74330eb772d6128b08105d68e19a2a83c"}
,"C:\\Users\\Logan Mahan\\AppData\\Local\\Android\\Sdk\\AMA-club-organization-app\\src\\components\\UserComponent.js": {"path":"C:\\Users\\Logan Mahan\\AppData\\Local\\Android\\Sdk\\AMA-club-organization-app\\src\\components\\UserComponent.js","statementMap":{"0":{"start":{"line":6,"column":15},"end":{"line":6,"column":30}},"1":{"start":{"line":14,"column":4},"end":{"line":18,"column":7}},"2":{"start":{"line":15,"column":17},"end":{"line":15,"column":31}},"3":{"start":{"line":16,"column":18},"end":{"line":16,"column":37}},"4":{"start":{"line":21,"column":4},"end":{"line":50,"column":6}},"5":{"start":{"line":25,"column":10},"end":{"line":45,"column":12}},"6":{"start":{"line":31,"column":16},"end":{"line":37,"column":19}},"7":{"start":{"line":54,"column":15},"end":{"line":65,"column":2}}},"fnMap":{"0":{"name":"(anonymous_0)","decl":{"start":{"line":13,"column":2},"end":{"line":13,"column":3}},"loc":{"start":{"line":13,"column":22},"end":{"line":19,"column":3}},"line":13},"1":{"name":"(anonymous_1)","decl":{"start":{"line":14,"column":25},"end":{"line":14,"column":26}},"loc":{"start":{"line":14,"column":37},"end":{"line":18,"column":5}},"line":14},"2":{"name":"(anonymous_2)","decl":{"start":{"line":20,"column":2},"end":{"line":20,"column":3}},"loc":{"start":{"line":20,"column":11},"end":{"line":51,"column":3}},"line":20},"3":{"name":"(anonymous_3)","decl":{"start":{"line":23,"column":30},"end":{"line":23,"column":31}},"loc":{"start":{"line":23,"column":47},"end":{"line":48,"column":9}},"line":23},"4":{"name":"(anonymous_4)","decl":{"start":{"line":30,"column":23},"end":{"line":30,"column":24}},"loc":{"start":{"line":30,"column":29},"end":{"line":39,"column":15}},"line":30}},"branchMap":{},"s":{"0":2,"1":0,"2":0,"3":0,"4":0,"5":0,"6":0,"7":2},"f":{"0":0,"1":0,"2":0,"3":0,"4":0},"b":{},"_coverageSchema":"43e27e138ebf9cfc5966b082cf9a028302ed4184","hash":"45183197cd2cc37803be765be32054a30471ce26"}
,"C:\\Users\\Logan Mahan\\AppData\\Local\\Android\\Sdk\\AMA-club-organization-app\\src\\icons\\AMA_white.png": {"path":"C:\\Users\\Logan Mahan\\AppData\\Local\\Android\\Sdk\\AMA-club-organization-app\\src\\icons\\AMA_white.png","statementMap":{"0":{"start":{"line":1,"column":0},"end":{"line":4,"column":6}}},"fnMap":{},"branchMap":{},"s":{"0":3},"f":{},"b":{},"_coverageSchema":"43e27e138ebf9cfc5966b082cf9a028302ed4184","hash":"84c5e683322dae93696f379cd4573b167874a1ff"}
,"C:\\Users\\Logan Mahan\\AppData\\Local\\Android\\Sdk\\AMA-club-organization-app\\src\\screens\\ForgetPassword.js": {"path":"C:\\Users\\Logan Mahan\\AppData\\Local\\Android\\Sdk\\AMA-club-organization-app\\src\\screens\\ForgetPassword.js","statementMap":{"0":{"start":{"line":4,"column":13},"end":{"line":11,"column":1}},"1":{"start":{"line":16,"column":16},"end":{"line":16,"column":32}},"2":{"start":{"line":17,"column":4},"end":{"line":23,"column":7}},"3":{"start":{"line":19,"column":6},"end":{"line":19,"column":58}},"4":{"start":{"line":22,"column":6},"end":{"line":22,"column":72}},"5":{"start":{"line":27,"column":5},"end":{"line":29,"column":8}},"6":{"start":{"line":33,"column":4},"end":{"line":65,"column":5}},"7":{"start":{"line":53,"column":41},"end":{"line":53,"column":65}},"8":{"start":{"line":59,"column":72},"end":{"line":59,"column":112}},"9":{"start":{"line":69,"column":15},"end":{"line":110,"column":2}}},"fnMap":{"0":{"name":"(anonymous_0)","decl":{"start":{"line":15,"column":17},"end":{"line":15,"column":18}},"loc":{"start":{"line":15,"column":23},"end":{"line":24,"column":4}},"line":15},"1":{"name":"(anonymous_1)","decl":{"start":{"line":17,"column":55},"end":{"line":17,"column":56}},"loc":{"start":{"line":17,"column":66},"end":{"line":20,"column":5}},"line":17},"2":{"name":"(anonymous_2)","decl":{"start":{"line":20,"column":13},"end":{"line":20,"column":14}},"loc":{"start":{"line":20,"column":29},"end":{"line":23,"column":5}},"line":20},"3":{"name":"(anonymous_3)","decl":{"start":{"line":26,"column":23},"end":{"line":26,"column":24}},"loc":{"start":{"line":26,"column":34},"end":{"line":30,"column":4}},"line":26},"4":{"name":"(anonymous_4)","decl":{"start":{"line":32,"column":2},"end":{"line":32,"column":3}},"loc":{"start":{"line":32,"column":11},"end":{"line":66,"column":3}},"line":32},"5":{"name":"(anonymous_5)","decl":{"start":{"line":53,"column":32},"end":{"line":53,"column":33}},"loc":{"start":{"line":53,"column":41},"end":{"line":53,"column":65}},"line":53},"6":{"name":"(anonymous_6)","decl":{"start":{"line":59,"column":65},"end":{"line":59,"column":66}},"loc":{"start":{"line":59,"column":71},"end":{"line":59,"column":113}},"line":59}},"branchMap":{"0":{"loc":{"start":{"line":44,"column":17},"end":{"line":47,"column":25}},"type":"binary-expr","locations":[{"start":{"line":44,"column":17},"end":{"line":44,"column":40}},{"start":{"line":45,"column":18},"end":{"line":47,"column":25}}],"line":44}},"s":{"0":1,"1":0,"2":0,"3":0,"4":0,"5":1,"6":3,"7":0,"8":0,"9":1},"f":{"0":0,"1":0,"2":0,"3":1,"4":3,"5":0,"6":0},"b":{"0":[3,0]},"_coverageSchema":"43e27e138ebf9cfc5966b082cf9a028302ed4184","hash":"424cafe50d0dfc50bba4e19c0005025d2d09bbc3"}
,"C:\\Users\\Logan Mahan\\AppData\\Local\\Android\\Sdk\\AMA-club-organization-app\\src\\screens\\Loginn.js": {"path":"C:\\Users\\Logan Mahan\\AppData\\Local\\Android\\Sdk\\AMA-club-organization-app\\src\\screens\\Loginn.js","statementMap":{"0":{"start":{"line":4,"column":13},"end":{"line":11,"column":1}},"1":{"start":{"line":16,"column":31},"end":{"line":16,"column":41}},"2":{"start":{"line":17,"column":3},"end":{"line":20,"column":103}},"3":{"start":{"line":20,"column":21},"end":{"line":20,"column":102}},"4":{"start":{"line":24,"column":5},"end":{"line":26,"column":8}},"5":{"start":{"line":30,"column":5},"end":{"line":32,"column":8}},"6":{"start":{"line":35,"column":4},"end":{"line":83,"column":5}},"7":{"start":{"line":42,"column":49},"end":{"line":42,"column":87}},"8":{"start":{"line":57,"column":41},"end":{"line":57,"column":70}},"9":{"start":{"line":66,"column":44},"end":{"line":66,"column":79}},"10":{"start":{"line":73,"column":75},"end":{"line":73,"column":116}},"11":{"start":{"line":76,"column":75},"end":{"line":76,"column":123}},"12":{"start":{"line":86,"column":15},"end":{"line":155,"column":2}}},"fnMap":{"0":{"name":"(anonymous_0)","decl":{"start":{"line":15,"column":16},"end":{"line":15,"column":17}},"loc":{"start":{"line":15,"column":22},"end":{"line":21,"column":4}},"line":15},"1":{"name":"(anonymous_1)","decl":{"start":{"line":20,"column":12},"end":{"line":20,"column":13}},"loc":{"start":{"line":20,"column":21},"end":{"line":20,"column":102}},"line":20},"2":{"name":"(anonymous_2)","decl":{"start":{"line":23,"column":26},"end":{"line":23,"column":27}},"loc":{"start":{"line":23,"column":40},"end":{"line":27,"column":4}},"line":23},"3":{"name":"(anonymous_3)","decl":{"start":{"line":29,"column":23},"end":{"line":29,"column":24}},"loc":{"start":{"line":29,"column":34},"end":{"line":33,"column":4}},"line":29},"4":{"name":"(anonymous_4)","decl":{"start":{"line":34,"column":2},"end":{"line":34,"column":3}},"loc":{"start":{"line":34,"column":11},"end":{"line":84,"column":3}},"line":34},"5":{"name":"(anonymous_5)","decl":{"start":{"line":42,"column":43},"end":{"line":42,"column":44}},"loc":{"start":{"line":42,"column":49},"end":{"line":42,"column":87}},"line":42},"6":{"name":"(anonymous_6)","decl":{"start":{"line":57,"column":32},"end":{"line":57,"column":33}},"loc":{"start":{"line":57,"column":41},"end":{"line":57,"column":70}},"line":57},"7":{"name":"(anonymous_7)","decl":{"start":{"line":66,"column":32},"end":{"line":66,"column":33}},"loc":{"start":{"line":66,"column":44},"end":{"line":66,"column":79}},"line":66},"8":{"name":"(anonymous_8)","decl":{"start":{"line":73,"column":69},"end":{"line":73,"column":70}},"loc":{"start":{"line":73,"column":75},"end":{"line":73,"column":116}},"line":73},"9":{"name":"(anonymous_9)","decl":{"start":{"line":76,"column":69},"end":{"line":76,"column":70}},"loc":{"start":{"line":76,"column":75},"end":{"line":76,"column":123}},"line":76}},"branchMap":{"0":{"loc":{"start":{"line":48,"column":17},"end":{"line":51,"column":25}},"type":"binary-expr","locations":[{"start":{"line":48,"column":17},"end":{"line":48,"column":40}},{"start":{"line":49,"column":18},"end":{"line":51,"column":25}}],"line":48}},"s":{"0":1,"1":1,"2":1,"3":0,"4":2,"5":2,"6":8,"7":0,"8":0,"9":0,"10":0,"11":0,"12":1},"f":{"0":1,"1":0,"2":2,"3":2,"4":8,"5":0,"6":0,"7":0,"8":0,"9":0},"b":{"0":[8,0]},"_coverageSchema":"43e27e138ebf9cfc5966b082cf9a028302ed4184","hash":"e08d94bf8db357169ff9e5b879527095ae322bab"}
,"C:\\Users\\Logan Mahan\\AppData\\Local\\Android\\Sdk\\AMA-club-organization-app\\src\\screens\\Profile.js": {"path":"C:\\Users\\Logan Mahan\\AppData\\Local\\Android\\Sdk\\AMA-club-organization-app\\src\\screens\\Profile.js","statementMap":{"0":{"start":{"line":7,"column":15},"end":{"line":7,"column":30}},"1":{"start":{"line":24,"column":4},"end":{"line":34,"column":7}},"2":{"start":{"line":35,"column":2},"end":{"line":49,"column":5}},"3":{"start":{"line":36,"column":16},"end":{"line":36,"column":56}},"4":{"start":{"line":37,"column":15},"end":{"line":37,"column":29}},"5":{"start":{"line":38,"column":16},"end":{"line":38,"column":35}},"6":{"start":{"line":39,"column":4},"end":{"line":48,"column":5}},"7":{"start":{"line":39,"column":17},"end":{"line":39,"column":18}},"8":{"start":{"line":41,"column":6},"end":{"line":47,"column":7}},"9":{"start":{"line":44,"column":8},"end":{"line":44,"column":40}},"10":{"start":{"line":46,"column":8},"end":{"line":46,"column":14}},"11":{"start":{"line":53,"column":4},"end":{"line":82,"column":6}},"12":{"start":{"line":70,"column":26},"end":{"line":78,"column":13}}},"fnMap":{"0":{"name":"(anonymous_0)","decl":{"start":{"line":23,"column":2},"end":{"line":23,"column":3}},"loc":{"start":{"line":23,"column":22},"end":{"line":50,"column":1}},"line":23},"1":{"name":"(anonymous_1)","decl":{"start":{"line":35,"column":23},"end":{"line":35,"column":24}},"loc":{"start":{"line":35,"column":35},"end":{"line":49,"column":3}},"line":35},"2":{"name":"(anonymous_2)","decl":{"start":{"line":52,"column":2},"end":{"line":52,"column":3}},"loc":{"start":{"line":52,"column":11},"end":{"line":83,"column":3}},"line":52},"3":{"name":"(anonymous_3)","decl":{"start":{"line":70,"column":19},"end":{"line":70,"column":20}},"loc":{"start":{"line":70,"column":25},"end":{"line":79,"column":11}},"line":70}},"branchMap":{"0":{"loc":{"start":{"line":41,"column":6},"end":{"line":47,"column":7}},"type":"if","locations":[{"start":{"line":41,"column":6},"end":{"line":47,"column":7}},{"start":{"line":41,"column":6},"end":{"line":47,"column":7}}],"line":41},"1":{"loc":{"start":{"line":61,"column":13},"end":{"line":66,"column":13}},"type":"cond-expr","locations":[{"start":{"line":62,"column":14},"end":{"line":64,"column":14}},{"start":{"line":65,"column":14},"end":{"line":65,"column":60}}],"line":61}},"s":{"0":1,"1":1,"2":0,"3":0,"4":0,"5":0,"6":0,"7":0,"8":0,"9":0,"10":0,"11":1,"12":0},"f":{"0":1,"1":0,"2":1,"3":0},"b":{"0":[0,0],"1":[0,1]},"_coverageSchema":"43e27e138ebf9cfc5966b082cf9a028302ed4184","hash":"c06e6803ac2e2081de5c023975955c87593b684a"}
,"C:\\Users\\Logan Mahan\\AppData\\Local\\Android\\Sdk\\AMA-club-organization-app\\src\\screens\\ProfileEdit.js": {"path":"C:\\Users\\Logan Mahan\\AppData\\Local\\Android\\Sdk\\AMA-club-organization-app\\src\\screens\\ProfileEdit.js","statementMap":{"0":{"start":{"line":8,"column":15},"end":{"line":8,"column":30}},"1":{"start":{"line":9,"column":15},"end":{"line":9,"column":17}},"2":{"start":{"line":11,"column":14},"end":{"line":38,"column":1}},"3":{"start":{"line":12,"column":2},"end":{"line":23,"column":5}},"4":{"start":{"line":13,"column":15},"end":{"line":13,"column":29}},"5":{"start":{"line":14,"column":16},"end":{"line":14,"column":35}},"6":{"start":{"line":15,"column":4},"end":{"line":22,"column":5}},"7":{"start":{"line":15,"column":15},"end":{"line":15,"column":16}},"8":{"start":{"line":17,"column":6},"end":{"line":21,"column":7}},"9":{"start":{"line":19,"column":8},"end":{"line":19,"column":36}},"10":{"start":{"line":20,"column":8},"end":{"line":20,"column":14}},"11":{"start":{"line":25,"column":4},"end":{"line":25,"column":21}},"12":{"start":{"line":26,"column":2},"end":{"line":35,"column":5}},"13":{"start":{"line":57,"column":2},"end":{"line":65,"column":5}},"14":{"start":{"line":69,"column":4},"end":{"line":71,"column":7}},"15":{"start":{"line":74,"column":4},"end":{"line":76,"column":7}},"16":{"start":{"line":79,"column":4},"end":{"line":81,"column":7}},"17":{"start":{"line":85,"column":4},"end":{"line":87,"column":7}},"18":{"start":{"line":91,"column":4},"end":{"line":93,"column":7}},"19":{"start":{"line":97,"column":4},"end":{"line":99,"column":7}},"20":{"start":{"line":103,"column":4},"end":{"line":105,"column":7}},"21":{"start":{"line":109,"column":4},"end":{"line":118,"column":6}},"22":{"start":{"line":119,"column":4},"end":{"line":129,"column":7}},"23":{"start":{"line":134,"column":2},"end":{"line":191,"column":4}},"24":{"start":{"line":141,"column":39},"end":{"line":141,"column":79}},"25":{"start":{"line":147,"column":38},"end":{"line":147,"column":76}},"26":{"start":{"line":153,"column":38},"end":{"line":153,"column":76}},"27":{"start":{"line":159,"column":41},"end":{"line":159,"column":85}},"28":{"start":{"line":165,"column":34},"end":{"line":165,"column":65}},"29":{"start":{"line":171,"column":33},"end":{"line":171,"column":62}},"30":{"start":{"line":177,"column":36},"end":{"line":177,"column":71}},"31":{"start":{"line":186,"column":23},"end":{"line":186,"column":64}}},"fnMap":{"0":{"name":"(anonymous_0)","decl":{"start":{"line":11,"column":14},"end":{"line":11,"column":15}},"loc":{"start":{"line":11,"column":99},"end":{"line":38,"column":1}},"line":11},"1":{"name":"(anonymous_1)","decl":{"start":{"line":12,"column":23},"end":{"line":12,"column":24}},"loc":{"start":{"line":12,"column":35},"end":{"line":23,"column":3}},"line":12},"2":{"name":"(anonymous_2)","decl":{"start":{"line":56,"column":0},"end":{"line":56,"column":1}},"loc":{"start":{"line":56,"column":20},"end":{"line":66,"column":1}},"line":56},"3":{"name":"(anonymous_3)","decl":{"start":{"line":68,"column":25},"end":{"line":68,"column":26}},"loc":{"start":{"line":68,"column":40},"end":{"line":72,"column":3}},"line":68},"4":{"name":"(anonymous_4)","decl":{"start":{"line":73,"column":26},"end":{"line":73,"column":27}},"loc":{"start":{"line":73,"column":42},"end":{"line":77,"column":3}},"line":73},"5":{"name":"(anonymous_5)","decl":{"start":{"line":78,"column":25},"end":{"line":78,"column":26}},"loc":{"start":{"line":78,"column":40},"end":{"line":82,"column":3}},"line":78},"6":{"name":"(anonymous_6)","decl":{"start":{"line":84,"column":28},"end":{"line":84,"column":29}},"loc":{"start":{"line":84,"column":46},"end":{"line":88,"column":3}},"line":84},"7":{"name":"(anonymous_7)","decl":{"start":{"line":90,"column":22},"end":{"line":90,"column":23}},"loc":{"start":{"line":90,"column":33},"end":{"line":94,"column":3}},"line":90},"8":{"name":"(anonymous_8)","decl":{"start":{"line":96,"column":21},"end":{"line":96,"column":22}},"loc":{"start":{"line":96,"column":31},"end":{"line":100,"column":3}},"line":96},"9":{"name":"(anonymous_9)","decl":{"start":{"line":102,"column":24},"end":{"line":102,"column":25}},"loc":{"start":{"line":102,"column":37},"end":{"line":106,"column":3}},"line":102},"10":{"name":"(anonymous_10)","decl":{"start":{"line":108,"column":16},"end":{"line":108,"column":17}},"loc":{"start":{"line":108,"column":22},"end":{"line":130,"column":2}},"line":108},"11":{"name":"(anonymous_11)","decl":{"start":{"line":133,"column":0},"end":{"line":133,"column":1}},"loc":{"start":{"line":133,"column":9},"end":{"line":192,"column":1}},"line":133},"12":{"name":"(anonymous_12)","decl":{"start":{"line":141,"column":25},"end":{"line":141,"column":26}},"loc":{"start":{"line":141,"column":39},"end":{"line":141,"column":79}},"line":141},"13":{"name":"(anonymous_13)","decl":{"start":{"line":147,"column":25},"end":{"line":147,"column":26}},"loc":{"start":{"line":147,"column":38},"end":{"line":147,"column":76}},"line":147},"14":{"name":"(anonymous_14)","decl":{"start":{"line":153,"column":25},"end":{"line":153,"column":26}},"loc":{"start":{"line":153,"column":38},"end":{"line":153,"column":76}},"line":153},"15":{"name":"(anonymous_15)","decl":{"start":{"line":159,"column":25},"end":{"line":159,"column":26}},"loc":{"start":{"line":159,"column":41},"end":{"line":159,"column":85}},"line":159},"16":{"name":"(anonymous_16)","decl":{"start":{"line":165,"column":25},"end":{"line":165,"column":26}},"loc":{"start":{"line":165,"column":34},"end":{"line":165,"column":65}},"line":165},"17":{"name":"(anonymous_17)","decl":{"start":{"line":171,"column":25},"end":{"line":171,"column":26}},"loc":{"start":{"line":171,"column":33},"end":{"line":171,"column":62}},"line":171},"18":{"name":"(anonymous_18)","decl":{"start":{"line":177,"column":25},"end":{"line":177,"column":26}},"loc":{"start":{"line":177,"column":36},"end":{"line":177,"column":71}},"line":177},"19":{"name":"(anonymous_19)","decl":{"start":{"line":186,"column":17},"end":{"line":186,"column":18}},"loc":{"start":{"line":186,"column":23},"end":{"line":186,"column":64}},"line":186}},"branchMap":{"0":{"loc":{"start":{"line":17,"column":6},"end":{"line":21,"column":7}},"type":"if","locations":[{"start":{"line":17,"column":6},"end":{"line":21,"column":7}},{"start":{"line":17,"column":6},"end":{"line":21,"column":7}}],"line":17}},"s":{"0":1,"1":1,"2":1,"3":0,"4":0,"5":0,"6":0,"7":0,"8":0,"9":0,"10":0,"11":0,"12":0,"13":0,"14":0,"15":0,"16":0,"17":0,"18":0,"19":0,"20":0,"21":0,"22":0,"23":8,"24":0,"25":0,"26":0,"27":0,"28":0,"29":0,"30":0,"31":0},"f":{"0":0,"1":0,"2":0,"3":0,"4":0,"5":0,"6":0,"7":0,"8":0,"9":0,"10":0,"11":8,"12":0,"13":0,"14":0,"15":0,"16":0,"17":0,"18":0,"19":0},"b":{"0":[0,0]},"_coverageSchema":"43e27e138ebf9cfc5966b082cf9a028302ed4184","hash":"c97115985f3d8428832fbec3579bf01246b58018"}
,"C:\\Users\\Logan Mahan\\AppData\\Local\\Android\\Sdk\\AMA-club-organization-app\\src\\screens\\SignUpp.js": {"path":"C:\\Users\\Logan Mahan\\AppData\\Local\\Android\\Sdk\\AMA-club-organization-app\\src\\screens\\SignUpp.js","statementMap":{"0":{"start":{"line":5,"column":13},"end":{"line":12,"column":1}},"1":{"start":{"line":25,"column":6},"end":{"line":54,"column":71}},"2":{"start":{"line":30,"column":12},"end":{"line":50,"column":13}},"3":{"start":{"line":31,"column":14},"end":{"line":49,"column":15}},"4":{"start":{"line":32,"column":16},"end":{"line":43,"column":19}},"5":{"start":{"line":44,"column":14},"end":{"line":44,"column":38}},"6":{"start":{"line":45,"column":14},"end":{"line":45,"column":40}},"7":{"start":{"line":53,"column":20},"end":{"line":53,"column":60}},"8":{"start":{"line":54,"column":24},"end":{"line":54,"column":70}},"9":{"start":{"line":59,"column":15},"end":{"line":59,"column":42}},"10":{"start":{"line":60,"column":4},"end":{"line":64,"column":7}},"11":{"start":{"line":68,"column":4},"end":{"line":80,"column":5}},"12":{"start":{"line":69,"column":6},"end":{"line":76,"column":7}},"13":{"start":{"line":71,"column":8},"end":{"line":71,"column":28}},"14":{"start":{"line":75,"column":8},"end":{"line":75,"column":41}},"15":{"start":{"line":79,"column":6},"end":{"line":79,"column":57}},"16":{"start":{"line":84,"column":4},"end":{"line":86,"column":7}},"17":{"start":{"line":90,"column":4},"end":{"line":92,"column":7}},"18":{"start":{"line":96,"column":4},"end":{"line":98,"column":7}},"19":{"start":{"line":101,"column":4},"end":{"line":103,"column":7}},"20":{"start":{"line":106,"column":4},"end":{"line":108,"column":7}},"21":{"start":{"line":111,"column":4},"end":{"line":177,"column":5}},"22":{"start":{"line":131,"column":46},"end":{"line":131,"column":86}},"23":{"start":{"line":139,"column":45},"end":{"line":139,"column":83}},"24":{"start":{"line":147,"column":41},"end":{"line":147,"column":72}},"25":{"start":{"line":156,"column":44},"end":{"line":156,"column":81}},"26":{"start":{"line":165,"column":53},"end":{"line":165,"column":102}},"27":{"start":{"line":171,"column":71},"end":{"line":171,"column":111}},"28":{"start":{"line":181,"column":15},"end":{"line":222,"column":2}}},"fnMap":{"0":{"name":"(anonymous_0)","decl":{"start":{"line":24,"column":17},"end":{"line":24,"column":18}},"loc":{"start":{"line":24,"column":23},"end":{"line":56,"column":5}},"line":24},"1":{"name":"(anonymous_1)","decl":{"start":{"line":29,"column":10},"end":{"line":29,"column":11}},"loc":{"start":{"line":29,"column":18},"end":{"line":51,"column":11}},"line":29},"2":{"name":"(anonymous_2)","decl":{"start":{"line":53,"column":14},"end":{"line":53,"column":15}},"loc":{"start":{"line":53,"column":20},"end":{"line":53,"column":60}},"line":53},"3":{"name":"(anonymous_3)","decl":{"start":{"line":54,"column":15},"end":{"line":54,"column":16}},"loc":{"start":{"line":54,"column":24},"end":{"line":54,"column":70}},"line":54},"4":{"name":"(anonymous_4)","decl":{"start":{"line":58,"column":21},"end":{"line":58,"column":22}},"loc":{"start":{"line":58,"column":27},"end":{"line":65,"column":3}},"line":58},"5":{"name":"(anonymous_5)","decl":{"start":{"line":60,"column":38},"end":{"line":60,"column":39}},"loc":{"start":{"line":60,"column":49},"end":{"line":62,"column":5}},"line":60},"6":{"name":"(anonymous_6)","decl":{"start":{"line":62,"column":13},"end":{"line":62,"column":14}},"loc":{"start":{"line":62,"column":29},"end":{"line":64,"column":5}},"line":62},"7":{"name":"(anonymous_7)","decl":{"start":{"line":67,"column":15},"end":{"line":67,"column":16}},"loc":{"start":{"line":67,"column":21},"end":{"line":81,"column":3}},"line":67},"8":{"name":"(anonymous_8)","decl":{"start":{"line":83,"column":22},"end":{"line":83,"column":23}},"loc":{"start":{"line":83,"column":33},"end":{"line":87,"column":3}},"line":83},"9":{"name":"(anonymous_9)","decl":{"start":{"line":89,"column":25},"end":{"line":89,"column":26}},"loc":{"start":{"line":89,"column":39},"end":{"line":93,"column":3}},"line":89},"10":{"name":"(anonymous_10)","decl":{"start":{"line":95,"column":28},"end":{"line":95,"column":29}},"loc":{"start":{"line":95,"column":51},"end":{"line":99,"column":3}},"line":95},"11":{"name":"(anonymous_11)","decl":{"start":{"line":100,"column":26},"end":{"line":100,"column":27}},"loc":{"start":{"line":100,"column":42},"end":{"line":104,"column":3}},"line":100},"12":{"name":"(anonymous_12)","decl":{"start":{"line":105,"column":25},"end":{"line":105,"column":26}},"loc":{"start":{"line":105,"column":40},"end":{"line":109,"column":3}},"line":105},"13":{"name":"(anonymous_13)","decl":{"start":{"line":110,"column":0},"end":{"line":110,"column":1}},"loc":{"start":{"line":110,"column":9},"end":{"line":178,"column":3}},"line":110},"14":{"name":"(anonymous_14)","decl":{"start":{"line":131,"column":32},"end":{"line":131,"column":33}},"loc":{"start":{"line":131,"column":46},"end":{"line":131,"column":86}},"line":131},"15":{"name":"(anonymous_15)","decl":{"start":{"line":139,"column":32},"end":{"line":139,"column":33}},"loc":{"start":{"line":139,"column":45},"end":{"line":139,"column":83}},"line":139},"16":{"name":"(anonymous_16)","decl":{"start":{"line":147,"column":32},"end":{"line":147,"column":33}},"loc":{"start":{"line":147,"column":41},"end":{"line":147,"column":72}},"line":147},"17":{"name":"(anonymous_17)","decl":{"start":{"line":156,"column":32},"end":{"line":156,"column":33}},"loc":{"start":{"line":156,"column":44},"end":{"line":156,"column":81}},"line":156},"18":{"name":"(anonymous_18)","decl":{"start":{"line":165,"column":32},"end":{"line":165,"column":33}},"loc":{"start":{"line":165,"column":53},"end":{"line":165,"column":102}},"line":165},"19":{"name":"(anonymous_19)","decl":{"start":{"line":171,"column":65},"end":{"line":171,"column":66}},"loc":{"start":{"line":171,"column":71},"end":{"line":171,"column":111}},"line":171}},"branchMap":{"0":{"loc":{"start":{"line":30,"column":12},"end":{"line":50,"column":13}},"type":"if","locations":[{"start":{"line":30,"column":12},"end":{"line":50,"column":13}},{"start":{"line":30,"column":12},"end":{"line":50,"column":13}}],"line":30},"1":{"loc":{"start":{"line":31,"column":14},"end":{"line":49,"column":15}},"type":"if","locations":[{"start":{"line":31,"column":14},"end":{"line":49,"column":15}},{"start":{"line":31,"column":14},"end":{"line":49,"column":15}}],"line":31},"2":{"loc":{"start":{"line":68,"column":4},"end":{"line":80,"column":5}},"type":"if","locations":[{"start":{"line":68,"column":4},"end":{"line":80,"column":5}},{"start":{"line":68,"column":4},"end":{"line":80,"column":5}}],"line":68},"3":{"loc":{"start":{"line":69,"column":6},"end":{"line":76,"column":7}},"type":"if","locations":[{"start":{"line":69,"column":6},"end":{"line":76,"column":7}},{"start":{"line":69,"column":6},"end":{"line":76,"column":7}}],"line":69},"4":{"loc":{"start":{"line":122,"column":17},"end":{"line":125,"column":25}},"type":"binary-expr","locations":[{"start":{"line":122,"column":17},"end":{"line":122,"column":40}},{"start":{"line":123,"column":18},"end":{"line":125,"column":25}}],"line":122}},"s":{"0":1,"1":0,"2":0,"3":0,"4":0,"5":0,"6":0,"7":0,"8":0,"9":0,"10":0,"11":1,"12":0,"13":0,"14":0,"15":1,"16":2,"17":1,"18":1,"19":1,"20":1,"21":13,"22":0,"23":0,"24":0,"25":0,"26":0,"27":0,"28":1},"f":{"0":0,"1":0,"2":0,"3":0,"4":0,"5":0,"6":0,"7":1,"8":2,"9":1,"10":1,"11":1,"12":1,"13":13,"14":0,"15":0,"16":0,"17":0,"18":0,"19":0},"b":{"0":[0,0],"1":[0,0],"2":[0,1],"3":[0,0],"4":[13,0]},"_coverageSchema":"43e27e138ebf9cfc5966b082cf9a028302ed4184","hash":"75866bc992517f26d7472648b8bc84f986472b5b"}
}
