TN:
SF:C:\Users\Logan Mahan\AppData\Local\Android\Sdk\AMA-club-organization-app\src\config.js
FNF:0
FNH:0
DA:2,5
DA:10,5
DA:11,5
LF:3
LH:3
BRF:0
BRH:0
end_of_record
TN:
SF:C:\Users\Logan Mahan\AppData\Local\Android\Sdk\AMA-club-organization-app\src\backgrounds\BG2.png
FNF:0
FNH:0
DA:1,3
LF:1
LH:1
BRF:0
BRH:0
end_of_record
TN:
SF:C:\Users\Logan Mahan\AppData\Local\Android\Sdk\AMA-club-organization-app\src\components\UserComponent.js
FN:13,(anonymous_0)
FN:14,(anonymous_1)
FN:20,(anonymous_2)
FN:23,(anonymous_3)
FN:30,(anonymous_4)
FNF:5
FNH:0
FNDA:0,(anonymous_0)
FNDA:0,(anonymous_1)
FNDA:0,(anonymous_2)
FNDA:0,(anonymous_3)
FNDA:0,(anonymous_4)
DA:6,2
DA:14,0
DA:15,0
DA:16,0
DA:21,0
DA:25,0
DA:31,0
DA:54,2
LF:8
LH:2
BRF:0
BRH:0
end_of_record
TN:
SF:C:\Users\Logan Mahan\AppData\Local\Android\Sdk\AMA-club-organization-app\src\icons\AMA_white.png
FNF:0
FNH:0
DA:1,3
LF:1
LH:1
BRF:0
BRH:0
end_of_record
TN:
SF:C:\Users\Logan Mahan\AppData\Local\Android\Sdk\AMA-club-organization-app\src\screens\ForgetPassword.js
FN:15,(anonymous_0)
FN:17,(anonymous_1)
FN:20,(anonymous_2)
FN:26,(anonymous_3)
FN:32,(anonymous_4)
FN:53,(anonymous_5)
FN:59,(anonymous_6)
FNF:7
FNH:2
FNDA:0,(anonymous_0)
FNDA:0,(anonymous_1)
FNDA:0,(anonymous_2)
FNDA:1,(anonymous_3)
FNDA:3,(anonymous_4)
FNDA:0,(anonymous_5)
FNDA:0,(anonymous_6)
DA:4,1
DA:16,0
DA:17,0
DA:19,0
DA:22,0
DA:27,1
DA:33,3
DA:53,0
DA:59,0
DA:69,1
LF:10
LH:4
BRDA:44,0,0,3
BRDA:44,0,1,0
BRF:2
BRH:1
end_of_record
TN:
SF:C:\Users\Logan Mahan\AppData\Local\Android\Sdk\AMA-club-organization-app\src\screens\Loginn.js
FN:15,(anonymous_0)
FN:20,(anonymous_1)
FN:23,(anonymous_2)
FN:29,(anonymous_3)
FN:34,(anonymous_4)
FN:42,(anonymous_5)
FN:57,(anonymous_6)
FN:66,(anonymous_7)
FN:73,(anonymous_8)
FN:76,(anonymous_9)
FNF:10
FNH:4
FNDA:1,(anonymous_0)
FNDA:0,(anonymous_1)
FNDA:2,(anonymous_2)
FNDA:2,(anonymous_3)
FNDA:8,(anonymous_4)
FNDA:0,(anonymous_5)
FNDA:0,(anonymous_6)
FNDA:0,(anonymous_7)
FNDA:0,(anonymous_8)
FNDA:0,(anonymous_9)
DA:4,1
DA:16,1
DA:17,1
DA:20,0
DA:24,2
DA:30,2
DA:35,8
DA:42,0
DA:57,0
DA:66,0
DA:73,0
DA:76,0
DA:86,1
LF:13
LH:7
BRDA:48,0,0,8
BRDA:48,0,1,0
BRF:2
BRH:1
end_of_record
TN:
SF:C:\Users\Logan Mahan\AppData\Local\Android\Sdk\AMA-club-organization-app\src\screens\Profile.js
FN:23,(anonymous_0)
FN:35,(anonymous_1)
FN:52,(anonymous_2)
FN:70,(anonymous_3)
FNF:4
FNH:2
FNDA:1,(anonymous_0)
FNDA:0,(anonymous_1)
FNDA:1,(anonymous_2)
FNDA:0,(anonymous_3)
DA:7,1
DA:24,1
DA:35,0
DA:36,0
DA:37,0
DA:38,0
DA:39,0
DA:41,0
DA:44,0
DA:46,0
DA:53,1
DA:70,0
LF:12
LH:3
BRDA:41,0,0,0
BRDA:41,0,1,0
BRDA:61,1,0,0
BRDA:61,1,1,1
BRF:4
BRH:1
end_of_record
TN:
SF:C:\Users\Logan Mahan\AppData\Local\Android\Sdk\AMA-club-organization-app\src\screens\ProfileEdit.js
FN:11,(anonymous_0)
FN:12,(anonymous_1)
FN:56,(anonymous_2)
FN:68,(anonymous_3)
FN:73,(anonymous_4)
FN:78,(anonymous_5)
FN:84,(anonymous_6)
FN:90,(anonymous_7)
FN:96,(anonymous_8)
FN:102,(anonymous_9)
FN:108,(anonymous_10)
FN:133,(anonymous_11)
FN:141,(anonymous_12)
FN:147,(anonymous_13)
FN:153,(anonymous_14)
FN:159,(anonymous_15)
FN:165,(anonymous_16)
FN:171,(anonymous_17)
FN:177,(anonymous_18)
FN:186,(anonymous_19)
FNF:20
FNH:1
FNDA:0,(anonymous_0)
FNDA:0,(anonymous_1)
FNDA:0,(anonymous_2)
FNDA:0,(anonymous_3)
FNDA:0,(anonymous_4)
FNDA:0,(anonymous_5)
FNDA:0,(anonymous_6)
FNDA:0,(anonymous_7)
FNDA:0,(anonymous_8)
FNDA:0,(anonymous_9)
FNDA:0,(anonymous_10)
FNDA:8,(anonymous_11)
FNDA:0,(anonymous_12)
FNDA:0,(anonymous_13)
FNDA:0,(anonymous_14)
FNDA:0,(anonymous_15)
FNDA:0,(anonymous_16)
FNDA:0,(anonymous_17)
FNDA:0,(anonymous_18)
FNDA:0,(anonymous_19)
DA:8,1
DA:9,1
DA:11,1
DA:12,0
DA:13,0
DA:14,0
DA:15,0
DA:17,0
DA:19,0
DA:20,0
DA:25,0
DA:26,0
DA:57,0
DA:69,0
DA:74,0
DA:79,0
DA:85,0
DA:91,0
DA:97,0
DA:103,0
DA:109,0
DA:119,0
DA:134,8
DA:141,0
DA:147,0
DA:153,0
DA:159,0
DA:165,0
DA:171,0
DA:177,0
DA:186,0
LF:31
LH:4
BRDA:17,0,0,0
BRDA:17,0,1,0
BRF:2
BRH:0
end_of_record
TN:
SF:C:\Users\Logan Mahan\AppData\Local\Android\Sdk\AMA-club-organization-app\src\screens\SignUpp.js
FN:24,(anonymous_0)
FN:29,(anonymous_1)
FN:53,(anonymous_2)
FN:54,(anonymous_3)
FN:58,(anonymous_4)
FN:60,(anonymous_5)
FN:62,(anonymous_6)
FN:67,(anonymous_7)
FN:83,(anonymous_8)
FN:89,(anonymous_9)
FN:95,(anonymous_10)
FN:100,(anonymous_11)
FN:105,(anonymous_12)
FN:110,(anonymous_13)
FN:131,(anonymous_14)
FN:139,(anonymous_15)
FN:147,(anonymous_16)
FN:156,(anonymous_17)
FN:165,(anonymous_18)
FN:171,(anonymous_19)
FNF:20
FNH:7
FNDA:0,(anonymous_0)
FNDA:0,(anonymous_1)
FNDA:0,(anonymous_2)
FNDA:0,(anonymous_3)
FNDA:0,(anonymous_4)
FNDA:0,(anonymous_5)
FNDA:0,(anonymous_6)
FNDA:1,(anonymous_7)
FNDA:2,(anonymous_8)
FNDA:1,(anonymous_9)
FNDA:1,(anonymous_10)
FNDA:1,(anonymous_11)
FNDA:1,(anonymous_12)
FNDA:13,(anonymous_13)
FNDA:0,(anonymous_14)
FNDA:0,(anonymous_15)
FNDA:0,(anonymous_16)
FNDA:0,(anonymous_17)
FNDA:0,(anonymous_18)
FNDA:0,(anonymous_19)
DA:5,1
DA:25,0
DA:30,0
DA:31,0
DA:32,0
DA:44,0
DA:45,0
DA:53,0
DA:54,0
DA:59,0
DA:60,0
DA:68,1
DA:69,0
DA:71,0
DA:75,0
DA:79,1
DA:84,2
DA:90,1
DA:96,1
DA:101,1
DA:106,1
DA:111,13
DA:131,0
DA:139,0
DA:147,0
DA:156,0
DA:165,0
DA:171,0
DA:181,1
LF:29
LH:10
BRDA:30,0,0,0
BRDA:30,0,1,0
BRDA:31,1,0,0
BRDA:31,1,1,0
BRDA:68,2,0,0
BRDA:68,2,1,1
BRDA:69,3,0,0
BRDA:69,3,1,0
BRDA:122,4,0,13
BRDA:122,4,1,0
BRF:10
BRH:2
end_of_record
