TN:
SF:C:\Users\Logan Mahan\AppData\Local\Android\Sdk\AMA-club-organization-app\src\config.js
FNF:0
FNH:0
DA:2,3
DA:10,3
DA:11,3
LF:3
LH:3
BRF:0
BRH:0
end_of_record
TN:
SF:C:\Users\Logan Mahan\AppData\Local\Android\Sdk\AMA-club-organization-app\src\backgrounds\BG2.png
FNF:0
FNH:0
DA:1,3
LF:1
LH:1
BRF:0
BRH:0
end_of_record
TN:
SF:C:\Users\Logan Mahan\AppData\Local\Android\Sdk\AMA-club-organization-app\src\icons\AMA_white.png
FNF:0
FNH:0
DA:1,3
LF:1
LH:1
BRF:0
BRH:0
end_of_record
TN:
SF:C:\Users\Logan Mahan\AppData\Local\Android\Sdk\AMA-club-organization-app\src\screens\ForgetPassword.js
FN:15,(anonymous_0)
FN:17,(anonymous_1)
FN:20,(anonymous_2)
FN:26,(anonymous_3)
FN:32,(anonymous_4)
FN:54,(anonymous_5)
FN:60,(anonymous_6)
FNF:7
FNH:2
FNDA:0,(anonymous_0)
FNDA:0,(anonymous_1)
FNDA:0,(anonymous_2)
FNDA:1,(anonymous_3)
FNDA:3,(anonymous_4)
FNDA:0,(anonymous_5)
FNDA:0,(anonymous_6)
DA:4,1
DA:16,0
DA:17,0
DA:19,0
DA:22,0
DA:27,1
DA:33,3
DA:54,0
DA:60,0
DA:71,1
LF:10
LH:4
BRDA:45,0,0,3
BRDA:45,0,1,0
BRF:2
BRH:1
end_of_record
TN:
SF:C:\Users\Logan Mahan\AppData\Local\Android\Sdk\AMA-club-organization-app\src\screens\Loginn.js
FN:15,(anonymous_0)
FN:20,(anonymous_1)
FN:23,(anonymous_2)
FN:29,(anonymous_3)
FN:34,(anonymous_4)
FN:43,(anonymous_5)
FN:58,(anonymous_6)
FN:67,(anonymous_7)
FN:74,(anonymous_8)
FN:77,(anonymous_9)
FNF:10
FNH:4
FNDA:1,(anonymous_0)
FNDA:0,(anonymous_1)
FNDA:2,(anonymous_2)
FNDA:2,(anonymous_3)
FNDA:8,(anonymous_4)
FNDA:0,(anonymous_5)
FNDA:0,(anonymous_6)
FNDA:0,(anonymous_7)
FNDA:0,(anonymous_8)
FNDA:0,(anonymous_9)
DA:4,1
DA:16,1
DA:17,1
DA:20,0
DA:24,2
DA:30,2
DA:35,8
DA:43,0
DA:58,0
DA:67,0
DA:74,0
DA:77,0
DA:88,1
LF:13
LH:7
BRDA:49,0,0,8
BRDA:49,0,1,0
BRF:2
BRH:1
end_of_record
TN:
SF:C:\Users\Logan Mahan\AppData\Local\Android\Sdk\AMA-club-organization-app\src\screens\SignUpp.js
FN:24,(anonymous_0)
FN:29,(anonymous_1)
FN:53,(anonymous_2)
FN:54,(anonymous_3)
FN:58,(anonymous_4)
FN:60,(anonymous_5)
FN:62,(anonymous_6)
FN:67,(anonymous_7)
FN:85,(anonymous_8)
FN:91,(anonymous_9)
FN:97,(anonymous_10)
FN:102,(anonymous_11)
FN:107,(anonymous_12)
FN:112,(anonymous_13)
FN:134,(anonymous_14)
FN:142,(anonymous_15)
FN:150,(anonymous_16)
FN:159,(anonymous_17)
FN:168,(anonymous_18)
FN:174,(anonymous_19)
FNF:20
FNH:7
FNDA:0,(anonymous_0)
FNDA:0,(anonymous_1)
FNDA:0,(anonymous_2)
FNDA:0,(anonymous_3)
FNDA:0,(anonymous_4)
FNDA:0,(anonymous_5)
FNDA:0,(anonymous_6)
FNDA:2,(anonymous_7)
FNDA:2,(anonymous_8)
FNDA:1,(anonymous_9)
FNDA:1,(anonymous_10)
FNDA:1,(anonymous_11)
FNDA:1,(anonymous_12)
FNDA:13,(anonymous_13)
FNDA:0,(anonymous_14)
FNDA:0,(anonymous_15)
FNDA:0,(anonymous_16)
FNDA:0,(anonymous_17)
FNDA:0,(anonymous_18)
FNDA:0,(anonymous_19)
DA:5,1
DA:25,0
DA:30,0
DA:31,0
DA:32,0
DA:44,0
DA:45,0
DA:53,0
DA:54,0
DA:59,0
DA:60,0
DA:68,2
DA:69,0
DA:71,0
DA:76,0
DA:81,2
DA:86,2
DA:92,1
DA:98,1
DA:103,1
DA:108,1
DA:113,13
DA:134,0
DA:142,0
DA:150,0
DA:159,0
DA:168,0
DA:174,0
DA:185,1
LF:29
LH:10
BRDA:30,0,0,0
BRDA:30,0,1,0
BRDA:31,1,0,0
BRDA:31,1,1,0
BRDA:68,2,0,0
BRDA:68,2,1,2
BRDA:69,3,0,0
BRDA:69,3,1,0
BRDA:125,4,0,13
BRDA:125,4,1,0
BRF:10
BRH:2
end_of_record
